<?xml version="1.0" encoding="UTF-8"?>
<testsuite xmlns:xsi="http://www.w3.org/2001/XMLSchema-instance" xsi:schemaLocation="https://maven.apache.org/surefire/maven-surefire-plugin/xsd/surefire-test-report.xsd" name="seltest.AutomationPracticeTest" time="169.748" tests="4" errors="1" skipped="0" failures="0">
  <properties>
[...]
</properties>
  <testcase name="successfulRegistrationTest" classname="seltest.AutomationPracticeTest" time="76.26"/>
  <testcase name="failedRegistrationTest_email" classname="seltest.AutomationPracticeTest" time="15.145">
    <error message="unknown error: Element &lt;a class=&quot;login&quot; href=&quot;http://automationpractice.com/index.php?controller=my-account&quot; rel=&quot;nofollow&quot; title=&quot;Log in to your customer account&quot;&gt;...&lt;/a&gt; is not clickable at point (948, 70). Other element would receive the click: &lt;div id=&quot;center_column&quot; class=&quot;center_column col-xs-12 col-sm-12&quot;&gt;...&lt;/div&gt;&#10;  (Session info: chrome=67.0.3396.87)&#10;  (Driver info: chromedriver=2.39.562718 (9a2698cba08cf5a471a29d30c8b3e12becabb0e9),platform=Windows NT 10.0.17134 x86_64) (WARNING: The server did not provide any stacktrace information)&#10;Command duration or timeout: 63 milliseconds&#10;Build info: version: &apos;2.53.0&apos;, revision: &apos;35ae25b1534ae328c771e0856c93e187490ca824&apos;, time: &apos;2016-03-15 10:43:46&apos;&#10;System info: host: &apos;DESKTOP-JA37699&apos;, ip: &apos;172.17.16.36&apos;, os.name: &apos;Windows 10&apos;, os.arch: &apos;amd64&apos;, os.version: &apos;10.0&apos;, java.version: &apos;1.8.0_111&apos;&#10;Driver info: org.openqa.selenium.chrome.ChromeDriver&#10;Capabilities [{applicationCacheEnabled=false, rotatable=false, mobileEmulationEnabled=false, networkConnectionEnabled=false, chrome={chromedriverVersion=2.39.562718 (9a2698cba08cf5a471a29d30c8b3e12becabb0e9), userDataDir=C:\Users\Tmejs\AppData\Local\Temp\scoped_dir13212_30677}, takesHeapSnapshot=true, pageLoadStrategy=normal, databaseEnabled=false, handlesAlerts=true, hasTouchScreen=false, version=67.0.3396.87, platform=XP, browserConnectionEnabled=false, nativeEvents=true, acceptSslCerts=false, acceptInsecureCerts=false, locationContextEnabled=true, webStorageEnabled=true, browserName=chrome, takesScreenshot=true, javascriptEnabled=true, cssSelectorsEnabled=true, setWindowRect=true, unexpectedAlertBehaviour=}]&#10;Session ID: 8d0de2e717a68a6eb681fcc9312eb4d7" type="org.openqa.selenium.WebDriverException"><![CDATA[org.openqa.selenium.WebDriverException: 
unknown error: Element <a class="login" href="http://automationpractice.com/index.php?controller=my-account" rel="nofollow" title="Log in to your customer account">...</a> is not clickable at point (948, 70). Other element would receive the click: <div id="center_column" class="center_column col-xs-12 col-sm-12">...</div>
  (Session info: chrome=67.0.3396.87)
  (Driver info: chromedriver=2.39.562718 (9a2698cba08cf5a471a29d30c8b3e12becabb0e9),platform=Windows NT 10.0.17134 x86_64) (WARNING: The server did not provide any stacktrace information)
Command duration or timeout: 63 milliseconds
Build info: version: '2.53.0', revision: '35ae25b1534ae328c771e0856c93e187490ca824', time: '2016-03-15 10:43:46'
System info: host: 'DESKTOP-JA37699', ip: '172.17.16.36', os.name: 'Windows 10', os.arch: 'amd64', os.version: '10.0', java.version: '1.8.0_111'
Driver info: org.openqa.selenium.chrome.ChromeDriver
Capabilities [{applicationCacheEnabled=false, rotatable=false, mobileEmulationEnabled=false, networkConnectionEnabled=false, chrome={chromedriverVersion=2.39.562718 (9a2698cba08cf5a471a29d30c8b3e12becabb0e9), userDataDir=C:\Users\Tmejs\AppData\Local\Temp\scoped_dir13212_30677}, takesHeapSnapshot=true, pageLoadStrategy=normal, databaseEnabled=false, handlesAlerts=true, hasTouchScreen=false, version=67.0.3396.87, platform=XP, browserConnectionEnabled=false, nativeEvents=true, acceptSslCerts=false, acceptInsecureCerts=false, locationContextEnabled=true, webStorageEnabled=true, browserName=chrome, takesScreenshot=true, javascriptEnabled=true, cssSelectorsEnabled=true, setWindowRect=true, unexpectedAlertBehaviour=}]
Session ID: 8d0de2e717a68a6eb681fcc9312eb4d7
	at seltest.AutomationPracticeTest.failedRegistrationEmail(AutomationPracticeTest.java:78)
	at seltest.AutomationPracticeTest.failedRegistrationTest_email(AutomationPracticeTest.java:71)
]]></error>
    <system-err><![CDATA[Starting ChromeDriver 2.39.562718 (9a2698cba08cf5a471a29d30c8b3e12becabb0e9) on port 15365
Only local connections are allowed.
]]></system-err>
  </testcase>
  <testcase name="failedRegistrationTest" classname="seltest.AutomationPracticeTest" time="53.474"/>
  <testcase name="registrationValidationTest" classname="seltest.AutomationPracticeTest" time="24.814"/>
</testsuite>