Start testing: Jun 20 16:08 CEST
----------------------------------------------------------
1/1 Testing: tests
1/1 Test: tests
Command: "/Users/mac/IdeaProjects/Hogwart/catch/wyklad12-catch2/example1/build/tests"
Directory: /Users/mac/IdeaProjects/Hogwart/catch/wyklad12-catch2/example1
"tests" start time: Jun 20 16:08 CEST
Output:
----------------------------------------------------------
===============================================================================
All tests passed (4 assertions in 4 test cases)

<end of output>
Test time =   0.00 sec
----------------------------------------------------------
Test Passed.
"tests" end time: Jun 20 16:08 CEST
"tests" time elapsed: 00:00:00
----------------------------------------------------------

End testing: Jun 20 16:08 CEST
